ln: failed to create symbolic link '/pub/delmundz/EE283/HW2/final/ATACseq/P013_A4_WD_1_R1': File exists
ln: failed to create symbolic link '/pub/delmundz/EE283/HW2/final/ATACseq/P013_A4_WD_1_R2': File exists
ln: failed to create symbolic link '/pub/delmundz/EE283/HW2/final/ATACseq/P013_A4_WD_1_R1': File exists
ln: failed to create symbolic link '/pub/delmundz/EE283/HW2/final/ATACseq/P013_A4_WD_1_R1': File exists
ln: failed to create symbolic link '/pub/delmundz/EE283/HW2/final/ATACseq/P013_A4_WD_1_R2': File exists
ln: failed to create symbolic link '/pub/delmundz/EE283/HW2/final/ATACseq/P013_A4_WD_1_R1': File exists
ln: failed to create symbolic link '/pub/delmundz/EE283/HW2/final/ATACseq/P013_A4_WD_1_R2': File exists
ln: failed to create symbolic link '/pub/delmundz/EE283/HW2/final/ATACseq/P014_A4_WD_2_R1': File exists
ln: failed to create symbolic link '/pub/delmundz/EE283/HW2/final/ATACseq/P013_A4_WD_1_R2': File exists
ln: failed to create symbolic link '/pub/delmundz/EE283/HW2/final/ATACseq/P014_A4_WD_2_R2': File exists
ln: failed to create symbolic link '/pub/delmundz/EE283/HW2/final/ATACseq/P014_A4_WD_2_R1': File exists
ln: failed to create symbolic link '/pub/delmundz/EE283/HW2/final/ATACseq/P013_A4_WD_1_R1': File exists
ln: failed to create symbolic link '/pub/delmundz/EE283/HW2/final/ATACseq/P013_A4_WD_1_R1': File exists
ln: failed to create symbolic link '/pub/delmundz/EE283/HW2/final/ATACseq/P014_A4_WD_2_R2': File exists
ln: failed to create symbolic link '/pub/delmundz/EE283/HW2/final/ATACseq/P013_A4_WD_1_R2': File exists
ln: failed to create symbolic link '/pub/delmundz/EE283/HW2/final/ATACseq/P013_A4_WD_1_R2': File exists
ln: failed to create symbolic link '/pub/delmundz/EE283/HW2/final/ATACseq/P014_A4_WD_2_R1': File exists
ln: failed to create symbolic link '/pub/delmundz/EE283/HW2/final/ATACseq/P014_A4_WD_2_R1': File exists
ln: failed to create symbolic link '/pub/delmundz/EE283/HW2/final/ATACseq/P014_A4_WD_2_R2': File exists
ln: failed to create symbolic link '/pub/delmundz/EE283/HW2/final/ATACseq/P014_A4_WD_2_R2': File exists
ln: failed to create symbolic link '/pub/delmundz/EE283/HW2/final/ATACseq/P015_A4_WD_4_R1': File exists
ln: failed to create symbolic link '/pub/delmundz/EE283/HW2/final/ATACseq/P015_A4_WD_4_R2/Sample_ATAGCTG-TATGCAGT_4R009_L1_P015_R2.fq.gz': Not a directory
ln: failed to create symbolic link '/pub/delmundz/EE283/HW2/final/ATACseq/P014_A4_WD_2_R1': File exists
ln: failed to create symbolic link '/pub/delmundz/EE283/HW2/final/ATACseq/P014_A4_WD_2_R1': File exists
ln: failed to create symbolic link '/pub/delmundz/EE283/HW2/final/ATACseq/P014_A4_WD_2_R2': File exists
ln: failed to create symbolic link '/pub/delmundz/EE283/HW2/final/ATACseq/P014_A4_WD_2_R2': File exists
ln: failed to create symbolic link '/pub/delmundz/EE283/HW2/final/ATACseq/P015_A4_WD_4_R1': File exists
ln: failed to create symbolic link '/pub/delmundz/EE283/HW2/final/ATACseq/P015_A4_WD_4_R1': File exists
ln: failed to create symbolic link '/pub/delmundz/EE283/HW2/final/ATACseq/P015_A4_WD_4_R2': File exists
ln: ln: failed to create symbolic link '/pub/delmundz/EE283/HW2/final/ATACseq/P028_A5_WD_1_R1/Sample_AGAGTGC-TATGCAGT_4R009_L1_P028_R1.fq.gz': Not a directory
failed to create symbolic link '/pub/delmundz/EE283/HW2/final/ATACseq/P015_A4_WD_4_R2': File exists
ln: failed to create symbolic link '/pub/delmundz/EE283/HW2/final/ATACseq/P028_A5_WD_1_R2': File exists
ln: failed to create symbolic link '/pub/delmundz/EE283/HW2/final/ATACseq/P015_A4_WD_4_R1': File exists
ln: failed to create symbolic link '/pub/delmundz/EE283/HW2/final/ATACseq/P015_A4_WD_4_R1': File exists
ln: failed to create symbolic link '/pub/delmundz/EE283/HW2/final/ATACseq/P015_A4_WD_4_R2': File exists
ln: failed to create symbolic link '/pub/delmundz/EE283/HW2/final/ATACseq/P015_A4_WD_4_R2': File exists
ln: failed to create symbolic link '/pub/delmundz/EE283/HW2/final/ATACseq/P028_A5_WD_1_R1': File exists
ln: failed to create symbolic link '/pub/delmundz/EE283/HW2/final/ATACseq/P028_A5_WD_1_R1': File exists
ln: failed to create symbolic link '/pub/delmundz/EE283/HW2/final/ATACseq/P029_A5_WD_2_R1': File exists
ln: failed to create symbolic link '/pub/delmundz/EE283/HW2/final/ATACseq/P028_A5_WD_1_R2': File exists
ln: failed to create symbolic link '/pub/delmundz/EE283/HW2/final/ATACseq/P028_A5_WD_1_R2': File exists
ln: failed to create symbolic link '/pub/delmundz/EE283/HW2/final/ATACseq/P029_A5_WD_2_R2': File exists
ln: failed to create symbolic link '/pub/delmundz/EE283/HW2/final/ATACseq/P028_A5_WD_1_R1': File exists
ln: failed to create symbolic link '/pub/delmundz/EE283/HW2/final/ATACseq/P028_A5_WD_1_R2': File exists
ln: failed to create symbolic link '/pub/delmundz/EE283/HW2/final/ATACseq/P028_A5_WD_1_R1': File exists
ln: failed to create symbolic link '/pub/delmundz/EE283/HW2/final/ATACseq/P029_A5_WD_2_R1': File exists
ln: failed to create symbolic link '/pub/delmundz/EE283/HW2/final/ATACseq/P028_A5_WD_1_R2': File exists
ln: failed to create symbolic link '/pub/delmundz/EE283/HW2/final/ATACseq/P029_A5_WD_2_R2': File exists
ln: ln: failed to create symbolic link '/pub/delmundz/EE283/HW2/final/ATACseq/P030_A5_WD_3_R1'failed to create symbolic link '/pub/delmundz/EE283/HW2/final/ATACseq/P029_A5_WD_2_R1': File exists
: File exists
ln: failed to create symbolic link '/pub/delmundz/EE283/HW2/final/ATACseq/P029_A5_WD_2_R1': File exists
ln: failed to create symbolic link '/pub/delmundz/EE283/HW2/final/ATACseq/P030_A5_WD_3_R2': File exists
ln: failed to create symbolic link '/pub/delmundz/EE283/HW2/final/ATACseq/P029_A5_WD_2_R2': File exists
ln: failed to create symbolic link '/pub/delmundz/EE283/HW2/final/ATACseq/P029_A5_WD_2_R2': File exists
ln: failed to create symbolic link '/pub/delmundz/EE283/HW2/final/ATACseq/P029_A5_WD_2_R1': File exists
ln: failed to create symbolic link '/pub/delmundz/EE283/HW2/final/ATACseq/P030_A5_WD_3_R1': File exists
ln: failed to create symbolic link '/pub/delmundz/EE283/HW2/final/ATACseq/P029_A5_WD_2_R2': File exists
ln: failed to create symbolic link '/pub/delmundz/EE283/HW2/final/ATACseq/P043_A6_WD_1_R1': File exists
ln: failed to create symbolic link '/pub/delmundz/EE283/HW2/final/ATACseq/P030_A5_WD_3_R2': File exists
ln: failed to create symbolic link '/pub/delmundz/EE283/HW2/final/ATACseq/P030_A5_WD_3_R1': File exists
ln: failed to create symbolic link '/pub/delmundz/EE283/HW2/final/ATACseq/P030_A5_WD_3_R1': File exists
ln: failed to create symbolic link '/pub/delmundz/EE283/HW2/final/ATACseq/P043_A6_WD_1_R2': File exists
ln: failed to create symbolic link '/pub/delmundz/EE283/HW2/final/ATACseq/P030_A5_WD_3_R2': File exists
ln: failed to create symbolic link '/pub/delmundz/EE283/HW2/final/ATACseq/P030_A5_WD_3_R2': File exists
ln: failed to create symbolic link '/pub/delmundz/EE283/HW2/final/ATACseq/P030_A5_WD_3_R1': File exists
ln: failed to create symbolic link '/pub/delmundz/EE283/HW2/final/ATACseq/P043_A6_WD_1_R1': File exists
ln: failed to create symbolic link '/pub/delmundz/EE283/HW2/final/ATACseq/P044_A6_WD_2_R1': File exists
ln: failed to create symbolic link '/pub/delmundz/EE283/HW2/final/ATACseq/P030_A5_WD_3_R2': File exists
ln: failed to create symbolic link '/pub/delmundz/EE283/HW2/final/ATACseq/P043_A6_WD_1_R2': File exists
ln: failed to create symbolic link '/pub/delmundz/EE283/HW2/final/ATACseq/P043_A6_WD_1_R1': File exists
ln: ln: failed to create symbolic link '/pub/delmundz/EE283/HW2/final/ATACseq/P043_A6_WD_1_R1'failed to create symbolic link '/pub/delmundz/EE283/HW2/final/ATACseq/P044_A6_WD_2_R2': File exists: File exists

ln: failed to create symbolic link '/pub/delmundz/EE283/HW2/final/ATACseq/P043_A6_WD_1_R2': File exists
ln: failed to create symbolic link '/pub/delmundz/EE283/HW2/final/ATACseq/P043_A6_WD_1_R2': File exists
ln: failed to create symbolic link '/pub/delmundz/EE283/HW2/final/ATACseq/P043_A6_WD_1_R1': File exists
ln: failed to create symbolic link '/pub/delmundz/EE283/HW2/final/ATACseq/P044_A6_WD_2_R1': File exists
ln: failed to create symbolic link '/pub/delmundz/EE283/HW2/final/ATACseq/P045_A6_WD_3_R1': File exists
ln: failed to create symbolic link '/pub/delmundz/EE283/HW2/final/ATACseq/P043_A6_WD_1_R2': File exists
ln: failed to create symbolic link '/pub/delmundz/EE283/HW2/final/ATACseq/P044_A6_WD_2_R2': File exists
ln: failed to create symbolic link '/pub/delmundz/EE283/HW2/final/ATACseq/P045_A6_WD_3_R2': File exists
ln: failed to create symbolic link '/pub/delmundz/EE283/HW2/final/ATACseq/P044_A6_WD_2_R1': File exists
ln: failed to create symbolic link '/pub/delmundz/EE283/HW2/final/ATACseq/P044_A6_WD_2_R1': File exists
ln: failed to create symbolic link '/pub/delmundz/EE283/HW2/final/ATACseq/P044_A6_WD_2_R2': File exists
ln: failed to create symbolic link '/pub/delmundz/EE283/HW2/final/ATACseq/P044_A6_WD_2_R2': File exists
ln: failed to create symbolic link '/pub/delmundz/EE283/HW2/final/ATACseq/P058_A7_WD_1_R1': File exists
ln: failed to create symbolic link '/pub/delmundz/EE283/HW2/final/ATACseq/P045_A6_WD_3_R1': File exists
ln: failed to create symbolic link '/pub/delmundz/EE283/HW2/final/ATACseq/P044_A6_WD_2_R1': File exists
ln: failed to create symbolic link '/pub/delmundz/EE283/HW2/final/ATACseq/P058_A7_WD_1_R2': File exists
ln: failed to create symbolic link '/pub/delmundz/EE283/HW2/final/ATACseq/P045_A6_WD_3_R2': File exists
ln: failed to create symbolic link '/pub/delmundz/EE283/HW2/final/ATACseq/P045_A6_WD_3_R1': File exists
ln: failed to create symbolic link '/pub/delmundz/EE283/HW2/final/ATACseq/P044_A6_WD_2_R2': File exists
ln: failed to create symbolic link '/pub/delmundz/EE283/HW2/final/ATACseq/P045_A6_WD_3_R1': File exists
ln: failed to create symbolic link '/pub/delmundz/EE283/HW2/final/ATACseq/P045_A6_WD_3_R2': File exists
ln: failed to create symbolic link '/pub/delmundz/EE283/HW2/final/ATACseq/P045_A6_WD_3_R2': File exists
ln: failed to create symbolic link '/pub/delmundz/EE283/HW2/final/ATACseq/P059_A7_WD_2_R1': File exists
ln: failed to create symbolic link '/pub/delmundz/EE283/HW2/final/ATACseq/P058_A7_WD_1_R1': File exists
ln: failed to create symbolic link '/pub/delmundz/EE283/HW2/final/ATACseq/P059_A7_WD_2_R2': File exists
ln: failed to create symbolic link '/pub/delmundz/EE283/HW2/final/ATACseq/P045_A6_WD_3_R1': File exists
ln: failed to create symbolic link '/pub/delmundz/EE283/HW2/final/ATACseq/P058_A7_WD_1_R2': File exists
ln: failed to create symbolic link '/pub/delmundz/EE283/HW2/final/ATACseq/P058_A7_WD_1_R1': File exists
ln: failed to create symbolic link '/pub/delmundz/EE283/HW2/final/ATACseq/P045_A6_WD_3_R2': File exists
ln: failed to create symbolic link '/pub/delmundz/EE283/HW2/final/ATACseq/P058_A7_WD_1_R1': File exists
ln: failed to create symbolic link '/pub/delmundz/EE283/HW2/final/ATACseq/P058_A7_WD_1_R2': File exists
ln: failed to create symbolic link '/pub/delmundz/EE283/HW2/final/ATACseq/P058_A7_WD_1_R2': File exists
ln: failed to create symbolic link '/pub/delmundz/EE283/HW2/final/ATACseq/P060_A7_WD_3_R1': File exists
ln: failed to create symbolic link '/pub/delmundz/EE283/HW2/final/ATACseq/P059_A7_WD_2_R1': File exists
ln: failed to create symbolic link '/pub/delmundz/EE283/HW2/final/ATACseq/P060_A7_WD_3_R2': File exists
ln: failed to create symbolic link '/pub/delmundz/EE283/HW2/final/ATACseq/P059_A7_WD_2_R2': File exists
ln: failed to create symbolic link '/pub/delmundz/EE283/HW2/final/ATACseq/P058_A7_WD_1_R1': File exists
ln: failed to create symbolic link '/pub/delmundz/EE283/HW2/final/ATACseq/P059_A7_WD_2_R1': File exists
ln: failed to create symbolic link '/pub/delmundz/EE283/HW2/final/ATACseq/P059_A7_WD_2_R1': File exists
ln: failed to create symbolic link '/pub/delmundz/EE283/HW2/final/ATACseq/P059_A7_WD_2_R2': File exists
ln: failed to create symbolic link '/pub/delmundz/EE283/HW2/final/ATACseq/P058_A7_WD_1_R2': File exists
ln: failed to create symbolic link '/pub/delmundz/EE283/HW2/final/ATACseq/P004_A4_ED_2_R1': File exists
ln: failed to create symbolic link '/pub/delmundz/EE283/HW2/final/ATACseq/P059_A7_WD_2_R2': File exists
ln: failed to create symbolic link '/pub/delmundz/EE283/HW2/final/ATACseq/P060_A7_WD_3_R1': File exists
ln: failed to create symbolic link '/pub/delmundz/EE283/HW2/final/ATACseq/P004_A4_ED_2_R2': File exists
ln: failed to create symbolic link '/pub/delmundz/EE283/HW2/final/ATACseq/P060_A7_WD_3_R2': File exists
ln: failed to create symbolic link '/pub/delmundz/EE283/HW2/final/ATACseq/P060_A7_WD_3_R1': File exists
ln: failed to create symbolic link '/pub/delmundz/EE283/HW2/final/ATACseq/P059_A7_WD_2_R1': File exists
ln: failed to create symbolic link '/pub/delmundz/EE283/HW2/final/ATACseq/P060_A7_WD_3_R1': File exists
ln: failed to create symbolic link '/pub/delmundz/EE283/HW2/final/ATACseq/P060_A7_WD_3_R2': File exists
ln: failed to create symbolic link '/pub/delmundz/EE283/HW2/final/ATACseq/P005_A4_ED_3_R1': File exists
ln: failed to create symbolic link '/pub/delmundz/EE283/HW2/final/ATACseq/P059_A7_WD_2_R2': File exists
ln: failed to create symbolic link '/pub/delmundz/EE283/HW2/final/ATACseq/P060_A7_WD_3_R2': File exists
ln: failed to create symbolic link '/pub/delmundz/EE283/HW2/final/ATACseq/P004_A4_ED_2_R1': File exists
ln: failed to create symbolic link '/pub/delmundz/EE283/HW2/final/ATACseq/P005_A4_ED_3_R2': File exists
ln: failed to create symbolic link '/pub/delmundz/EE283/HW2/final/ATACseq/P004_A4_ED_2_R2': File exists
ln: failed to create symbolic link '/pub/delmundz/EE283/HW2/final/ATACseq/P004_A4_ED_2_R1': File exists
ln: failed to create symbolic link '/pub/delmundz/EE283/HW2/final/ATACseq/P060_A7_WD_3_R1': File exists
ln: failed to create symbolic link '/pub/delmundz/EE283/HW2/final/ATACseq/P004_A4_ED_2_R1': File exists
ln: failed to create symbolic link '/pub/delmundz/EE283/HW2/final/ATACseq/P004_A4_ED_2_R2': File exists
ln: failed to create symbolic link '/pub/delmundz/EE283/HW2/final/ATACseq/P006_A4_ED_4_R1': File exists
ln: failed to create symbolic link '/pub/delmundz/EE283/HW2/final/ATACseq/P005_A4_ED_3_R1': File exists
ln: failed to create symbolic link '/pub/delmundz/EE283/HW2/final/ATACseq/P060_A7_WD_3_R2': File exists
ln: failed to create symbolic link '/pub/delmundz/EE283/HW2/final/ATACseq/P004_A4_ED_2_R2': File exists
ln: failed to create symbolic link '/pub/delmundz/EE283/HW2/final/ATACseq/P006_A4_ED_4_R2': File exists
ln: failed to create symbolic link '/pub/delmundz/EE283/HW2/final/ATACseq/P005_A4_ED_3_R2': File exists
ln: failed to create symbolic link '/pub/delmundz/EE283/HW2/final/ATACseq/P005_A4_ED_3_R1': File exists
ln: failed to create symbolic link '/pub/delmundz/EE283/HW2/final/ATACseq/P004_A4_ED_2_R1': File exists
ln: failed to create symbolic link '/pub/delmundz/EE283/HW2/final/ATACseq/P005_A4_ED_3_R1': File exists
ln: failed to create symbolic link '/pub/delmundz/EE283/HW2/final/ATACseq/P019_A5_ED_1_R1': File exists
ln: failed to create symbolic link '/pub/delmundz/EE283/HW2/final/ATACseq/P005_A4_ED_3_R2': File exists
ln: failed to create symbolic link '/pub/delmundz/EE283/HW2/final/ATACseq/P006_A4_ED_4_R1': File exists
ln: failed to create symbolic link '/pub/delmundz/EE283/HW2/final/ATACseq/P004_A4_ED_2_R2': File exists
ln: failed to create symbolic link '/pub/delmundz/EE283/HW2/final/ATACseq/P005_A4_ED_3_R2': File exists
ln: failed to create symbolic link '/pub/delmundz/EE283/HW2/final/ATACseq/P019_A5_ED_1_R2': File exists
ln: failed to create symbolic link '/pub/delmundz/EE283/HW2/final/ATACseq/P006_A4_ED_4_R2': File exists
ln: failed to create symbolic link '/pub/delmundz/EE283/HW2/final/ATACseq/P006_A4_ED_4_R1': File exists
ln: failed to create symbolic link '/pub/delmundz/EE283/HW2/final/ATACseq/P005_A4_ED_3_R1': File exists
ln: failed to create symbolic link '/pub/delmundz/EE283/HW2/final/ATACseq/P020_A5_ED_2_R1': File exists
ln: failed to create symbolic link '/pub/delmundz/EE283/HW2/final/ATACseq/P006_A4_ED_4_R2': File exists
ln: failed to create symbolic link '/pub/delmundz/EE283/HW2/final/ATACseq/P006_A4_ED_4_R1': File exists
ln: failed to create symbolic link '/pub/delmundz/EE283/HW2/final/ATACseq/P019_A5_ED_1_R1': File exists
ln: failed to create symbolic link '/pub/delmundz/EE283/HW2/final/ATACseq/P005_A4_ED_3_R2': File exists
ln: failed to create symbolic link '/pub/delmundz/EE283/HW2/final/ATACseq/P020_A5_ED_2_R2': File exists
ln: failed to create symbolic link '/pub/delmundz/EE283/HW2/final/ATACseq/P006_A4_ED_4_R2': File exists
ln: failed to create symbolic link '/pub/delmundz/EE283/HW2/final/ATACseq/P019_A5_ED_1_R2': File exists
ln: failed to create symbolic link '/pub/delmundz/EE283/HW2/final/ATACseq/P019_A5_ED_1_R1': File exists
ln: failed to create symbolic link '/pub/delmundz/EE283/HW2/final/ATACseq/P006_A4_ED_4_R1': File exists
ln: failed to create symbolic link '/pub/delmundz/EE283/HW2/final/ATACseq/P021_A5_ED_3_R1': File exists
ln: failed to create symbolic link '/pub/delmundz/EE283/HW2/final/ATACseq/P020_A5_ED_2_R1': File exists
ln: ln: failed to create symbolic link '/pub/delmundz/EE283/HW2/final/ATACseq/P019_A5_ED_1_R1'failed to create symbolic link '/pub/delmundz/EE283/HW2/final/ATACseq/P019_A5_ED_1_R2': File exists
: File exists
ln: failed to create symbolic link '/pub/delmundz/EE283/HW2/final/ATACseq/P006_A4_ED_4_R2': File exists
ln: failed to create symbolic link '/pub/delmundz/EE283/HW2/final/ATACseq/P021_A5_ED_3_R2': File exists
ln: failed to create symbolic link '/pub/delmundz/EE283/HW2/final/ATACseq/P020_A5_ED_2_R2': File exists
ln: failed to create symbolic link '/pub/delmundz/EE283/HW2/final/ATACseq/P019_A5_ED_1_R2': File exists
ln: failed to create symbolic link '/pub/delmundz/EE283/HW2/final/ATACseq/P020_A5_ED_2_R1': File exists
ln: failed to create symbolic link '/pub/delmundz/EE283/HW2/final/ATACseq/P034_A6_ED_1_R1': File exists
ln: failed to create symbolic link '/pub/delmundz/EE283/HW2/final/ATACseq/P021_A5_ED_3_R1': File exists
ln: failed to create symbolic link '/pub/delmundz/EE283/HW2/final/ATACseq/P019_A5_ED_1_R1': File exists
ln: failed to create symbolic link '/pub/delmundz/EE283/HW2/final/ATACseq/P020_A5_ED_2_R2': File exists
ln: failed to create symbolic link '/pub/delmundz/EE283/HW2/final/ATACseq/P020_A5_ED_2_R1': File exists
ln: failed to create symbolic link '/pub/delmundz/EE283/HW2/final/ATACseq/P034_A6_ED_1_R2': File exists
ln: failed to create symbolic link '/pub/delmundz/EE283/HW2/final/ATACseq/P021_A5_ED_3_R2': File exists
ln: failed to create symbolic link '/pub/delmundz/EE283/HW2/final/ATACseq/P019_A5_ED_1_R2': File exists
ln: failed to create symbolic link '/pub/delmundz/EE283/HW2/final/ATACseq/P020_A5_ED_2_R2': File exists
ln: failed to create symbolic link '/pub/delmundz/EE283/HW2/final/ATACseq/P021_A5_ED_3_R1': File exists
ln: failed to create symbolic link '/pub/delmundz/EE283/HW2/final/ATACseq/P035_A6_ED_2_R1': File exists
ln: failed to create symbolic link '/pub/delmundz/EE283/HW2/final/ATACseq/P034_A6_ED_1_R1': File exists
ln: failed to create symbolic link '/pub/delmundz/EE283/HW2/final/ATACseq/P020_A5_ED_2_R1': File exists
ln: failed to create symbolic link '/pub/delmundz/EE283/HW2/final/ATACseq/P021_A5_ED_3_R1': File exists
ln: failed to create symbolic link '/pub/delmundz/EE283/HW2/final/ATACseq/P021_A5_ED_3_R2': File exists
ln: failed to create symbolic link '/pub/delmundz/EE283/HW2/final/ATACseq/P035_A6_ED_2_R2': File exists
ln: failed to create symbolic link '/pub/delmundz/EE283/HW2/final/ATACseq/P034_A6_ED_1_R2': File exists
ln: failed to create symbolic link '/pub/delmundz/EE283/HW2/final/ATACseq/P020_A5_ED_2_R2': File exists
ln: failed to create symbolic link '/pub/delmundz/EE283/HW2/final/ATACseq/P021_A5_ED_3_R2': File exists
ln: failed to create symbolic link '/pub/delmundz/EE283/HW2/final/ATACseq/P035_A6_ED_2_R1': File exists
ln: failed to create symbolic link '/pub/delmundz/EE283/HW2/final/ATACseq/P034_A6_ED_1_R1': File existsln: 
failed to create symbolic link '/pub/delmundz/EE283/HW2/final/ATACseq/P036_A6_ED_3_R1': File exists
ln: failed to create symbolic link '/pub/delmundz/EE283/HW2/final/ATACseq/P021_A5_ED_3_R1': File exists
ln: failed to create symbolic link '/pub/delmundz/EE283/HW2/final/ATACseq/P034_A6_ED_1_R1': File exists
ln: failed to create symbolic link '/pub/delmundz/EE283/HW2/final/ATACseq/P035_A6_ED_2_R2': File exists
ln: failed to create symbolic link '/pub/delmundz/EE283/HW2/final/ATACseq/P034_A6_ED_1_R2': File exists
ln: failed to create symbolic link '/pub/delmundz/EE283/HW2/final/ATACseq/P036_A6_ED_3_R2': File exists
ln: failed to create symbolic link '/pub/delmundz/EE283/HW2/final/ATACseq/P021_A5_ED_3_R2': File exists
ln: failed to create symbolic link '/pub/delmundz/EE283/HW2/final/ATACseq/P034_A6_ED_1_R2': File exists
ln: failed to create symbolic link '/pub/delmundz/EE283/HW2/final/ATACseq/P036_A6_ED_3_R1': File exists
ln: failed to create symbolic link '/pub/delmundz/EE283/HW2/final/ATACseq/P035_A6_ED_2_R1': File exists
ln: failed to create symbolic link '/pub/delmundz/EE283/HW2/final/ATACseq/P049_A7_ED_1_R1': File exists
ln: failed to create symbolic link '/pub/delmundz/EE283/HW2/final/ATACseq/P034_A6_ED_1_R1': File exists
ln: failed to create symbolic link '/pub/delmundz/EE283/HW2/final/ATACseq/P036_A6_ED_3_R2': File exists
ln: ln: failed to create symbolic link '/pub/delmundz/EE283/HW2/final/ATACseq/P035_A6_ED_2_R2'failed to create symbolic link '/pub/delmundz/EE283/HW2/final/ATACseq/P049_A7_ED_1_R2': File exists
: File exists
ln: failed to create symbolic link '/pub/delmundz/EE283/HW2/final/ATACseq/P035_A6_ED_2_R1': File exists
ln: failed to create symbolic link '/pub/delmundz/EE283/HW2/final/ATACseq/P034_A6_ED_1_R2': File exists
ln: failed to create symbolic link '/pub/delmundz/EE283/HW2/final/ATACseq/P035_A6_ED_2_R2': File exists
ln: failed to create symbolic link '/pub/delmundz/EE283/HW2/final/ATACseq/P049_A7_ED_1_R1': File exists
ln: failed to create symbolic link '/pub/delmundz/EE283/HW2/final/ATACseq/P036_A6_ED_3_R1': File exists
ln: failed to create symbolic link '/pub/delmundz/EE283/HW2/final/ATACseq/P050_A7_ED_2_R1': File exists
ln: failed to create symbolic link '/pub/delmundz/EE283/HW2/final/ATACseq/P035_A6_ED_2_R1': File exists
ln: failed to create symbolic link '/pub/delmundz/EE283/HW2/final/ATACseq/P049_A7_ED_1_R2': File existsln: 
failed to create symbolic link '/pub/delmundz/EE283/HW2/final/ATACseq/P036_A6_ED_3_R2': File exists
ln: failed to create symbolic link '/pub/delmundz/EE283/HW2/final/ATACseq/P050_A7_ED_2_R2': File exists
ln: failed to create symbolic link '/pub/delmundz/EE283/HW2/final/ATACseq/P036_A6_ED_3_R1': File exists
ln: failed to create symbolic link '/pub/delmundz/EE283/HW2/final/ATACseq/P035_A6_ED_2_R2': File exists
ln: failed to create symbolic link '/pub/delmundz/EE283/HW2/final/ATACseq/P036_A6_ED_3_R2': File exists
ln: failed to create symbolic link '/pub/delmundz/EE283/HW2/final/ATACseq/P050_A7_ED_2_R1': File exists
ln: failed to create symbolic link '/pub/delmundz/EE283/HW2/final/ATACseq/P049_A7_ED_1_R1': File exists
ln: failed to create symbolic link '/pub/delmundz/EE283/HW2/final/ATACseq/P051_A7_ED_3_R1': File exists
ln: failed to create symbolic link '/pub/delmundz/EE283/HW2/final/ATACseq/P050_A7_ED_2_R2': File exists
ln: failed to create symbolic link '/pub/delmundz/EE283/HW2/final/ATACseq/P049_A7_ED_1_R2': File exists
ln: failed to create symbolic link '/pub/delmundz/EE283/HW2/final/ATACseq/P036_A6_ED_3_R1': File exists
ln: failed to create symbolic link '/pub/delmundz/EE283/HW2/final/ATACseq/P051_A7_ED_3_R2': File exists
ln: failed to create symbolic link '/pub/delmundz/EE283/HW2/final/ATACseq/P049_A7_ED_1_R1': File exists
ln: failed to create symbolic link '/pub/delmundz/EE283/HW2/final/ATACseq/P036_A6_ED_3_R2': File exists
ln: failed to create symbolic link '/pub/delmundz/EE283/HW2/final/ATACseq/P049_A7_ED_1_R2': File exists
ln: failed to create symbolic link '/pub/delmundz/EE283/HW2/final/ATACseq/P051_A7_ED_3_R1': File exists
ln: failed to create symbolic link '/pub/delmundz/EE283/HW2/final/ATACseq/P050_A7_ED_2_R1': File exists
ln: failed to create symbolic link '/pub/delmundz/EE283/HW2/final/ATACseq/P051_A7_ED_3_R2': File exists
ln: failed to create symbolic link '/pub/delmundz/EE283/HW2/final/ATACseq/P050_A7_ED_2_R2': File exists
ln: failed to create symbolic link '/pub/delmundz/EE283/HW2/final/ATACseq/P049_A7_ED_1_R1': File exists
ln: failed to create symbolic link '/pub/delmundz/EE283/HW2/final/ATACseq/P050_A7_ED_2_R1': File exists
ln: failed to create symbolic link '/pub/delmundz/EE283/HW2/final/ATACseq/P049_A7_ED_1_R2': File exists
ln: failed to create symbolic link '/pub/delmundz/EE283/HW2/final/ATACseq/P050_A7_ED_2_R2': File exists
ln: failed to create symbolic link '/pub/delmundz/EE283/HW2/final/ATACseq/P051_A7_ED_3_R1': File exists
ln: failed to create symbolic link '/pub/delmundz/EE283/HW2/final/ATACseq/P050_A7_ED_2_R1': File exists
ln: failed to create symbolic link '/pub/delmundz/EE283/HW2/final/ATACseq/P051_A7_ED_3_R2': File exists
ln: failed to create symbolic link '/pub/delmundz/EE283/HW2/final/ATACseq/P051_A7_ED_3_R1': File exists
ln: failed to create symbolic link '/pub/delmundz/EE283/HW2/final/ATACseq/P050_A7_ED_2_R2': File exists
ln: failed to create symbolic link '/pub/delmundz/EE283/HW2/final/ATACseq/P051_A7_ED_3_R2': File exists
ln: failed to create symbolic link '/pub/delmundz/EE283/HW2/final/ATACseq/P051_A7_ED_3_R1': File exists
ln: failed to create symbolic link '/pub/delmundz/EE283/HW2/final/ATACseq/P051_A7_ED_3_R2': File exists
