P013	A4	WD	1
Creating symlink for Sample_ATGCATG-TATGCAGT_4R009_L1_P013_R2.fq.gz
P013	A4	WD	1
P014	A4	WD	2
Creating symlink for Sample_ATGCATG-TATGCAGT_4R009_L1_P013_R1.fq.gz
Creating symlink for Sample_ATGCATG-TATGCAGT_4R009_L1_P013_R1.fq.gz
Creating symlink for Sample_ATGCATG-TATGCAGT_4R009_L1_P013_R2.fq.gz
P013	A4	WD	1
Creating symlink for Sample_ATGCATG-TATGCAGT_4R009_L1_P013_R1.fq.gz
P014	A4	WD	2
Creating symlink for Sample_ATGCATG-TATGCAGT_4R009_L1_P013_R2.fq.gz
P013	A4	WD	1
Creating symlink for Sample_TCGCCAA-TATGCAGT_4R009_L1_P014_R1.fq.gz
Creating symlink for Sample_ATGCATG-TATGCAGT_4R009_L1_P013_R2.fq.gz
P014	A4	WD	2
Creating symlink for Sample_TCGCCAA-TATGCAGT_4R009_L1_P014_R2.fq.gz
P014	A4	WD	2
Creating symlink for Sample_TCGCCAA-TATGCAGT_4R009_L1_P014_R1.fq.gz
Creating symlink for Sample_ATGCATG-TATGCAGT_4R009_L1_P013_R1.fq.gz
P015	A4	WD	4
Creating symlink for Sample_ATGCATG-TATGCAGT_4R009_L1_P013_R1.fq.gz
Creating symlink for Sample_TCGCCAA-TATGCAGT_4R009_L1_P014_R2.fq.gz
Creating symlink for Sample_ATGCATG-TATGCAGT_4R009_L1_P013_R2.fq.gz
Creating symlink for Sample_ATGCATG-TATGCAGT_4R009_L1_P013_R2.fq.gz
P015	A4	WD	4
Creating symlink for Sample_TCGCCAA-TATGCAGT_4R009_L1_P014_R1.fq.gz
Creating symlink for Sample_TCGCCAA-TATGCAGT_4R009_L1_P014_R1.fq.gz
P014	A4	WD	2
P014	A4	WD	2
Creating symlink for Sample_ATAGCTG-TATGCAGT_4R009_L1_P015_R1.fq.gz
Creating symlink for Sample_TCGCCAA-TATGCAGT_4R009_L1_P014_R2.fq.gz
Creating symlink for Sample_TCGCCAA-TATGCAGT_4R009_L1_P014_R2.fq.gz
Creating symlink for Sample_ATAGCTG-TATGCAGT_4R009_L1_P015_R1.fq.gz
P015	A4	WD	4
Creating symlink for Sample_ATAGCTG-TATGCAGT_4R009_L1_P015_R2.fq.gz
P015	A4	WD	4
Creating symlink for Sample_ATAGCTG-TATGCAGT_4R009_L1_P015_R2.fq.gz
Creating symlink for Sample_TCGCCAA-TATGCAGT_4R009_L1_P014_R1.fq.gz
Creating symlink for Sample_TCGCCAA-TATGCAGT_4R009_L1_P014_R1.fq.gz
P028	A5	WD	1
P028	A5	WD	1
Creating symlink for Sample_TCGCCAA-TATGCAGT_4R009_L1_P014_R2.fq.gz
Creating symlink for Sample_TCGCCAA-TATGCAGT_4R009_L1_P014_R2.fq.gz
Creating symlink for Sample_ATAGCTG-TATGCAGT_4R009_L1_P015_R1.fq.gz
Creating symlink for Sample_ATAGCTG-TATGCAGT_4R009_L1_P015_R1.fq.gz
P015	A4	WD	4
P015	A4	WD	4
Creating symlink for Sample_ATAGCTG-TATGCAGT_4R009_L1_P015_R2.fq.gz
Creating symlink for Sample_AGAGTGC-TATGCAGT_4R009_L1_P028_R1.fq.gz
Creating symlink for Sample_AGAGTGC-TATGCAGT_4R009_L1_P028_R1.fq.gz
Creating symlink for Sample_ATAGCTG-TATGCAGT_4R009_L1_P015_R2.fq.gz
P028	A5	WD	1
Creating symlink for Sample_AGAGTGC-TATGCAGT_4R009_L1_P028_R2.fq.gz
Creating symlink for Sample_AGAGTGC-TATGCAGT_4R009_L1_P028_R2.fq.gz
P029	A5	WD	2
Creating symlink for Sample_ATAGCTG-TATGCAGT_4R009_L1_P015_R1.fq.gz
P028	A5	WD	1
Creating symlink for Sample_CGTTCTT-TATGCAGT_4R009_L1_P029_R1.fq.gz
P029	A5	WD	2
Creating symlink for Sample_ATAGCTG-TATGCAGT_4R009_L1_P015_R1.fq.gz
Creating symlink for Sample_ATAGCTG-TATGCAGT_4R009_L1_P015_R2.fq.gz
Creating symlink for Sample_CGTTCTT-TATGCAGT_4R009_L1_P029_R2.fq.gz
P028	A5	WD	1
Creating symlink for Sample_ATAGCTG-TATGCAGT_4R009_L1_P015_R2.fq.gz
P030	A5	WD	3
Creating symlink for Sample_AGAGTGC-TATGCAGT_4R009_L1_P028_R1.fq.gz
Creating symlink for Sample_AGAGTGC-TATGCAGT_4R009_L1_P028_R1.fq.gz
P028	A5	WD	1
Creating symlink for Sample_CGTTCTT-TATGCAGT_4R009_L1_P029_R1.fq.gz
Creating symlink for Sample_AGAGTGC-TATGCAGT_4R009_L1_P028_R2.fq.gz
Creating symlink for Sample_AGAGTGC-TATGCAGT_4R009_L1_P028_R2.fq.gz
Creating symlink for Sample_CGTTCTT-TATGCAGT_4R009_L1_P029_R2.fq.gz
Creating symlink for Sample_TTCGACG-TATGCAGT_4R009_L1_P030_R1.fq.gz
Creating symlink for Sample_AGAGTGC-TATGCAGT_4R009_L1_P028_R1.fq.gz
P029	A5	WD	2
P029	A5	WD	2
P030	A5	WD	3
Creating symlink for Sample_AGAGTGC-TATGCAGT_4R009_L1_P028_R2.fq.gz
Creating symlink for Sample_TTCGACG-TATGCAGT_4R009_L1_P030_R2.fq.gz
Creating symlink for Sample_AGAGTGC-TATGCAGT_4R009_L1_P028_R1.fq.gz
P029	A5	WD	2
P043	A6	WD	1
Creating symlink for Sample_CGTTCTT-TATGCAGT_4R009_L1_P029_R1.fq.gz
Creating symlink for Sample_AGAGTGC-TATGCAGT_4R009_L1_P028_R2.fq.gz
Creating symlink for Sample_CGTTCTT-TATGCAGT_4R009_L1_P029_R1.fq.gz
Creating symlink for Sample_TTCGACG-TATGCAGT_4R009_L1_P030_R1.fq.gz
Creating symlink for Sample_CGTTCTT-TATGCAGT_4R009_L1_P029_R2.fq.gz
P029	A5	WD	2
Creating symlink for Sample_GTATCTC-TATGCAGT_4R009_L1_P043_R1.fq.gz
Creating symlink for Sample_CGTTCTT-TATGCAGT_4R009_L1_P029_R1.fq.gz
P030	A5	WD	3
Creating symlink for Sample_TTCGACG-TATGCAGT_4R009_L1_P030_R2.fq.gz
Creating symlink for Sample_CGTTCTT-TATGCAGT_4R009_L1_P029_R2.fq.gz
Creating symlink for Sample_GTATCTC-TATGCAGT_4R009_L1_P043_R2.fq.gz
Creating symlink for Sample_CGTTCTT-TATGCAGT_4R009_L1_P029_R2.fq.gz
P043	A6	WD	1
P030	A5	WD	3
P044	A6	WD	2
P030	A5	WD	3
Creating symlink for Sample_CGTTCTT-TATGCAGT_4R009_L1_P029_R1.fq.gz
Creating symlink for Sample_TTCGACG-TATGCAGT_4R009_L1_P030_R1.fq.gz
Creating symlink for Sample_CGTTCTT-TATGCAGT_4R009_L1_P029_R2.fq.gz
Creating symlink for Sample_GTATCTC-TATGCAGT_4R009_L1_P043_R1.fq.gz
Creating symlink for Sample_TTCGACG-TATGCAGT_4R009_L1_P030_R2.fq.gz
Creating symlink for Sample_CACGTTC-TATGCAGT_4R009_L1_P044_R1.fq.gz
Creating symlink for Sample_TTCGACG-TATGCAGT_4R009_L1_P030_R1.fq.gz
P030	A5	WD	3
Creating symlink for Sample_TTCGACG-TATGCAGT_4R009_L1_P030_R1.fq.gz
P043	A6	WD	1
Creating symlink for Sample_GTATCTC-TATGCAGT_4R009_L1_P043_R2.fq.gz
Creating symlink for Sample_CACGTTC-TATGCAGT_4R009_L1_P044_R2.fq.gz
Creating symlink for Sample_TTCGACG-TATGCAGT_4R009_L1_P030_R2.fq.gz
P044	A6	WD	2
P045	A6	WD	3
Creating symlink for Sample_TTCGACG-TATGCAGT_4R009_L1_P030_R2.fq.gz
P043	A6	WD	1
P043	A6	WD	1
Creating symlink for Sample_TTCGACG-TATGCAGT_4R009_L1_P030_R1.fq.gz
Creating symlink for Sample_GTATCTC-TATGCAGT_4R009_L1_P043_R1.fq.gz
Creating symlink for Sample_CCTAGAT-TATGCAGT_4R009_L1_P045_R1.fq.gz
Creating symlink for Sample_CACGTTC-TATGCAGT_4R009_L1_P044_R1.fq.gz
Creating symlink for Sample_TTCGACG-TATGCAGT_4R009_L1_P030_R2.fq.gz
Creating symlink for Sample_GTATCTC-TATGCAGT_4R009_L1_P043_R2.fq.gz
Creating symlink for Sample_CCTAGAT-TATGCAGT_4R009_L1_P045_R2.fq.gz
Creating symlink for Sample_GTATCTC-TATGCAGT_4R009_L1_P043_R1.fq.gz
P043	A6	WD	1
Creating symlink for Sample_CACGTTC-TATGCAGT_4R009_L1_P044_R2.fq.gz
Creating symlink for Sample_GTATCTC-TATGCAGT_4R009_L1_P043_R1.fq.gz
P044	A6	WD	2
P058	A7	WD	1
Creating symlink for Sample_GTATCTC-TATGCAGT_4R009_L1_P043_R2.fq.gz
P045	A6	WD	3
Creating symlink for Sample_GTATCTC-TATGCAGT_4R009_L1_P043_R2.fq.gz
P044	A6	WD	2
P044	A6	WD	2
Creating symlink for Sample_GTATCTC-TATGCAGT_4R009_L1_P043_R1.fq.gz
Creating symlink for Sample_CACTTGA-TATGCAGT_4R009_L1_P058_R1.fq.gz
Creating symlink for Sample_CACGTTC-TATGCAGT_4R009_L1_P044_R1.fq.gz
Creating symlink for Sample_CCTAGAT-TATGCAGT_4R009_L1_P045_R1.fq.gz
Creating symlink for Sample_CACTTGA-TATGCAGT_4R009_L1_P058_R2.fq.gz
Creating symlink for Sample_GTATCTC-TATGCAGT_4R009_L1_P043_R2.fq.gz
Creating symlink for Sample_CACGTTC-TATGCAGT_4R009_L1_P044_R2.fq.gz
Creating symlink for Sample_CCTAGAT-TATGCAGT_4R009_L1_P045_R2.fq.gz
Creating symlink for Sample_CACGTTC-TATGCAGT_4R009_L1_P044_R1.fq.gz
Creating symlink for Sample_CACGTTC-TATGCAGT_4R009_L1_P044_R1.fq.gz
P044	A6	WD	2
P059	A7	WD	2
P045	A6	WD	3
P058	A7	WD	1
Creating symlink for Sample_CACGTTC-TATGCAGT_4R009_L1_P044_R2.fq.gz
Creating symlink for Sample_CACGTTC-TATGCAGT_4R009_L1_P044_R2.fq.gz
P045	A6	WD	3
Creating symlink for Sample_ACCAGCA-TATGCAGT_4R009_L1_P059_R1.fq.gz
P045	A6	WD	3
Creating symlink for Sample_CACTTGA-TATGCAGT_4R009_L1_P058_R1.fq.gz
Creating symlink for Sample_CCTAGAT-TATGCAGT_4R009_L1_P045_R1.fq.gz
Creating symlink for Sample_CACGTTC-TATGCAGT_4R009_L1_P044_R1.fq.gz
Creating symlink for Sample_ACCAGCA-TATGCAGT_4R009_L1_P059_R2.fq.gz
Creating symlink for Sample_CACTTGA-TATGCAGT_4R009_L1_P058_R2.fq.gz
Creating symlink for Sample_CCTAGAT-TATGCAGT_4R009_L1_P045_R2.fq.gz
Creating symlink for Sample_CACGTTC-TATGCAGT_4R009_L1_P044_R2.fq.gz
Creating symlink for Sample_CCTAGAT-TATGCAGT_4R009_L1_P045_R1.fq.gz
P060	A7	WD	3
P059	A7	WD	2
P058	A7	WD	1
Creating symlink for Sample_CCTAGAT-TATGCAGT_4R009_L1_P045_R1.fq.gz
P045	A6	WD	3
Creating symlink for Sample_CCTAGAT-TATGCAGT_4R009_L1_P045_R2.fq.gz
Creating symlink for Sample_CCTAGAT-TATGCAGT_4R009_L1_P045_R2.fq.gz
P058	A7	WD	1
Creating symlink for Sample_GGAATGT-TATGCAGT_4R009_L1_P060_R1.fq.gz
P058	A7	WD	1
Creating symlink for Sample_ACCAGCA-TATGCAGT_4R009_L1_P059_R1.fq.gz
Creating symlink for Sample_CACTTGA-TATGCAGT_4R009_L1_P058_R1.fq.gz
Creating symlink for Sample_GGAATGT-TATGCAGT_4R009_L1_P060_R2.fq.gz
Creating symlink for Sample_ACCAGCA-TATGCAGT_4R009_L1_P059_R2.fq.gz
Creating symlink for Sample_CCTAGAT-TATGCAGT_4R009_L1_P045_R1.fq.gz
Creating symlink for Sample_CACTTGA-TATGCAGT_4R009_L1_P058_R2.fq.gz
P004	A4	ED	2
Creating symlink for Sample_CACTTGA-TATGCAGT_4R009_L1_P058_R1.fq.gz
P060	A7	WD	3
P059	A7	WD	2
Creating symlink for Sample_CCTAGAT-TATGCAGT_4R009_L1_P045_R2.fq.gz
Creating symlink for Sample_CACTTGA-TATGCAGT_4R009_L1_P058_R1.fq.gz
Creating symlink for Sample_CACTTGA-TATGCAGT_4R009_L1_P058_R2.fq.gz
P058	A7	WD	1
Creating symlink for Sample_ATGCATG-CTCCTTAC_4R009_L1_P004_R1.fq.gz
P059	A7	WD	2
Creating symlink for Sample_CACTTGA-TATGCAGT_4R009_L1_P058_R2.fq.gz
Creating symlink for Sample_GGAATGT-TATGCAGT_4R009_L1_P060_R1.fq.gz
Creating symlink for Sample_ATGCATG-CTCCTTAC_4R009_L1_P004_R2.fq.gz
P059	A7	WD	2
Creating symlink for Sample_ACCAGCA-TATGCAGT_4R009_L1_P059_R1.fq.gz
Creating symlink for Sample_GGAATGT-TATGCAGT_4R009_L1_P060_R2.fq.gz
P005	A4	ED	3
Creating symlink for Sample_ACCAGCA-TATGCAGT_4R009_L1_P059_R2.fq.gz
P004	A4	ED	2
Creating symlink for Sample_CACTTGA-TATGCAGT_4R009_L1_P058_R1.fq.gz
Creating symlink for Sample_ACCAGCA-TATGCAGT_4R009_L1_P059_R1.fq.gz
P060	A7	WD	3
Creating symlink for Sample_ACCAGCA-TATGCAGT_4R009_L1_P059_R1.fq.gz
Creating symlink for Sample_CACTTGA-TATGCAGT_4R009_L1_P058_R2.fq.gz
Creating symlink for Sample_ACCAGCA-TATGCAGT_4R009_L1_P059_R2.fq.gz
Creating symlink for Sample_TCGCCAA-CTCCTTAC_4R009_L1_P005_R1.fq.gz
Creating symlink for Sample_ATGCATG-CTCCTTAC_4R009_L1_P004_R1.fq.gz
P060	A7	WD	3
Creating symlink for Sample_ACCAGCA-TATGCAGT_4R009_L1_P059_R2.fq.gz
P059	A7	WD	2
Creating symlink for Sample_TCGCCAA-CTCCTTAC_4R009_L1_P005_R2.fq.gz
Creating symlink for Sample_GGAATGT-TATGCAGT_4R009_L1_P060_R1.fq.gz
P060	A7	WD	3
Creating symlink for Sample_ATGCATG-CTCCTTAC_4R009_L1_P004_R2.fq.gz
P006	A4	ED	4
Creating symlink for Sample_GGAATGT-TATGCAGT_4R009_L1_P060_R2.fq.gz
P005	A4	ED	3
Creating symlink for Sample_GGAATGT-TATGCAGT_4R009_L1_P060_R1.fq.gz
P004	A4	ED	2
Creating symlink for Sample_ATAGCTG-CTCCTTAC_4R009_L1_P006_R1.fq.gz
Creating symlink for Sample_ACCAGCA-TATGCAGT_4R009_L1_P059_R1.fq.gz
Creating symlink for Sample_GGAATGT-TATGCAGT_4R009_L1_P060_R1.fq.gz
Creating symlink for Sample_ATAGCTG-CTCCTTAC_4R009_L1_P006_R2.fq.gz
Creating symlink for Sample_GGAATGT-TATGCAGT_4R009_L1_P060_R2.fq.gz
Creating symlink for Sample_ACCAGCA-TATGCAGT_4R009_L1_P059_R2.fq.gz
Creating symlink for Sample_TCGCCAA-CTCCTTAC_4R009_L1_P005_R1.fq.gz
Creating symlink for Sample_GGAATGT-TATGCAGT_4R009_L1_P060_R2.fq.gz
Creating symlink for Sample_ATGCATG-CTCCTTAC_4R009_L1_P004_R1.fq.gz
P004	A4	ED	2
P060	A7	WD	3
Creating symlink for Sample_TCGCCAA-CTCCTTAC_4R009_L1_P005_R2.fq.gz
P004	A4	ED	2
Creating symlink for Sample_ATGCATG-CTCCTTAC_4R009_L1_P004_R2.fq.gz
P006	A4	ED	4
P019	A5	ED	1
P005	A4	ED	3
Creating symlink for Sample_ATGCATG-CTCCTTAC_4R009_L1_P004_R1.fq.gz
Creating symlink for Sample_GGAATGT-TATGCAGT_4R009_L1_P060_R1.fq.gz
Creating symlink for Sample_ATGCATG-CTCCTTAC_4R009_L1_P004_R1.fq.gz
Creating symlink for Sample_AGAGTGC-CTCCTTAC_4R009_L1_P019_R1.fq.gz
Creating symlink for Sample_ATAGCTG-CTCCTTAC_4R009_L1_P006_R1.fq.gz
Creating symlink for Sample_ATGCATG-CTCCTTAC_4R009_L1_P004_R2.fq.gz
Creating symlink for Sample_TCGCCAA-CTCCTTAC_4R009_L1_P005_R1.fq.gz
Creating symlink for Sample_ATGCATG-CTCCTTAC_4R009_L1_P004_R2.fq.gz
Creating symlink for Sample_GGAATGT-TATGCAGT_4R009_L1_P060_R2.fq.gz
P005	A4	ED	3
Creating symlink for Sample_AGAGTGC-CTCCTTAC_4R009_L1_P019_R2.fq.gz
Creating symlink for Sample_ATAGCTG-CTCCTTAC_4R009_L1_P006_R2.fq.gz
Creating symlink for Sample_TCGCCAA-CTCCTTAC_4R009_L1_P005_R2.fq.gz
P004	A4	ED	2
P005	A4	ED	3
P019	A5	ED	1
P020	A5	ED	2
P006	A4	ED	4
Creating symlink for Sample_CGTTCTT-CTCCTTAC_4R009_L1_P020_R1.fq.gz
Creating symlink for Sample_TCGCCAA-CTCCTTAC_4R009_L1_P005_R1.fq.gz
Creating symlink for Sample_CGTTCTT-CTCCTTAC_4R009_L1_P020_R2.fq.gz
Creating symlink for Sample_TCGCCAA-CTCCTTAC_4R009_L1_P005_R1.fq.gz
Creating symlink for Sample_ATGCATG-CTCCTTAC_4R009_L1_P004_R1.fq.gz
Creating symlink for Sample_TCGCCAA-CTCCTTAC_4R009_L1_P005_R2.fq.gz
Creating symlink for Sample_AGAGTGC-CTCCTTAC_4R009_L1_P019_R1.fq.gz
Creating symlink for Sample_ATAGCTG-CTCCTTAC_4R009_L1_P006_R1.fq.gz
P021	A5	ED	3
Creating symlink for Sample_ATGCATG-CTCCTTAC_4R009_L1_P004_R2.fq.gz
P006	A4	ED	4
Creating symlink for Sample_TCGCCAA-CTCCTTAC_4R009_L1_P005_R2.fq.gz
Creating symlink for Sample_AGAGTGC-CTCCTTAC_4R009_L1_P019_R2.fq.gz
Creating symlink for Sample_ATAGCTG-CTCCTTAC_4R009_L1_P006_R2.fq.gz
P005	A4	ED	3
P020	A5	ED	2
P006	A4	ED	4
Creating symlink for Sample_TTCGACG-CTCCTTAC_4R009_L1_P021_R1.fq.gz
P019	A5	ED	1
Creating symlink for Sample_ATAGCTG-CTCCTTAC_4R009_L1_P006_R1.fq.gz
Creating symlink for Sample_TTCGACG-CTCCTTAC_4R009_L1_P021_R2.fq.gz
Creating symlink for Sample_TCGCCAA-CTCCTTAC_4R009_L1_P005_R1.fq.gz
Creating symlink for Sample_CGTTCTT-CTCCTTAC_4R009_L1_P020_R1.fq.gz
Creating symlink for Sample_ATAGCTG-CTCCTTAC_4R009_L1_P006_R2.fq.gz
Creating symlink for Sample_ATAGCTG-CTCCTTAC_4R009_L1_P006_R1.fq.gz
Creating symlink for Sample_AGAGTGC-CTCCTTAC_4R009_L1_P019_R1.fq.gz
P034	A6	ED	1
Creating symlink for Sample_TCGCCAA-CTCCTTAC_4R009_L1_P005_R2.fq.gz
P019	A5	ED	1
Creating symlink for Sample_CGTTCTT-CTCCTTAC_4R009_L1_P020_R2.fq.gz
Creating symlink for Sample_ATAGCTG-CTCCTTAC_4R009_L1_P006_R2.fq.gz
Creating symlink for Sample_AGAGTGC-CTCCTTAC_4R009_L1_P019_R2.fq.gz
P006	A4	ED	4
P021	A5	ED	3
P019	A5	ED	1
P020	A5	ED	2
Creating symlink for Sample_GTATCTC-CTCCTTAC_4R009_L1_P034_R1.fq.gz
Creating symlink for Sample_AGAGTGC-CTCCTTAC_4R009_L1_P019_R1.fq.gz
Creating symlink for Sample_GTATCTC-CTCCTTAC_4R009_L1_P034_R2.fq.gz
Creating symlink for Sample_ATAGCTG-CTCCTTAC_4R009_L1_P006_R1.fq.gz
Creating symlink for Sample_TTCGACG-CTCCTTAC_4R009_L1_P021_R1.fq.gz
P035	A6	ED	2
Creating symlink for Sample_CGTTCTT-CTCCTTAC_4R009_L1_P020_R1.fq.gz
Creating symlink for Sample_AGAGTGC-CTCCTTAC_4R009_L1_P019_R2.fq.gz
Creating symlink for Sample_AGAGTGC-CTCCTTAC_4R009_L1_P019_R1.fq.gz
Creating symlink for Sample_ATAGCTG-CTCCTTAC_4R009_L1_P006_R2.fq.gz
Creating symlink for Sample_TTCGACG-CTCCTTAC_4R009_L1_P021_R2.fq.gz
Creating symlink for Sample_CGTTCTT-CTCCTTAC_4R009_L1_P020_R2.fq.gz
P020	A5	ED	2
Creating symlink for Sample_CACGTTC-CTCCTTAC_4R009_L1_P035_R1.fq.gz
Creating symlink for Sample_AGAGTGC-CTCCTTAC_4R009_L1_P019_R2.fq.gz
P019	A5	ED	1
P021	A5	ED	3
P034	A6	ED	1
Creating symlink for Sample_CACGTTC-CTCCTTAC_4R009_L1_P035_R2.fq.gz
P020	A5	ED	2
P036	A6	ED	3
Creating symlink for Sample_CGTTCTT-CTCCTTAC_4R009_L1_P020_R1.fq.gz
Creating symlink for Sample_GTATCTC-CTCCTTAC_4R009_L1_P034_R1.fq.gz
Creating symlink for Sample_TTCGACG-CTCCTTAC_4R009_L1_P021_R1.fq.gz
Creating symlink for Sample_AGAGTGC-CTCCTTAC_4R009_L1_P019_R1.fq.gz
Creating symlink for Sample_CGTTCTT-CTCCTTAC_4R009_L1_P020_R2.fq.gz
Creating symlink for Sample_CGTTCTT-CTCCTTAC_4R009_L1_P020_R1.fq.gz
Creating symlink for Sample_CCTAGAT-CTCCTTAC_4R009_L1_P036_R1.fq.gz
Creating symlink for Sample_GTATCTC-CTCCTTAC_4R009_L1_P034_R2.fq.gz
Creating symlink for Sample_TTCGACG-CTCCTTAC_4R009_L1_P021_R2.fq.gz
Creating symlink for Sample_AGAGTGC-CTCCTTAC_4R009_L1_P019_R2.fq.gz
P021	A5	ED	3
Creating symlink for Sample_CGTTCTT-CTCCTTAC_4R009_L1_P020_R2.fq.gz
Creating symlink for Sample_CCTAGAT-CTCCTTAC_4R009_L1_P036_R2.fq.gz
P035	A6	ED	2
P034	A6	ED	1
P020	A5	ED	2
P021	A5	ED	3
P049	A7	ED	1
Creating symlink for Sample_TTCGACG-CTCCTTAC_4R009_L1_P021_R1.fq.gz
Creating symlink for Sample_CACGTTC-CTCCTTAC_4R009_L1_P035_R1.fq.gz
Creating symlink for Sample_GTATCTC-CTCCTTAC_4R009_L1_P034_R1.fq.gz
Creating symlink for Sample_CGTTCTT-CTCCTTAC_4R009_L1_P020_R1.fq.gz
Creating symlink for Sample_TTCGACG-CTCCTTAC_4R009_L1_P021_R2.fq.gz
Creating symlink for Sample_TTCGACG-CTCCTTAC_4R009_L1_P021_R1.fq.gz
Creating symlink for Sample_CACTTGA-CTCCTTAC_4R009_L1_P049_R1.fq.gz
Creating symlink for Sample_CACGTTC-CTCCTTAC_4R009_L1_P035_R2.fq.gz
Creating symlink for Sample_GTATCTC-CTCCTTAC_4R009_L1_P034_R2.fq.gz
Creating symlink for Sample_CGTTCTT-CTCCTTAC_4R009_L1_P020_R2.fq.gz
P034	A6	ED	1
Creating symlink for Sample_TTCGACG-CTCCTTAC_4R009_L1_P021_R2.fq.gz
P036	A6	ED	3
P035	A6	ED	2
Creating symlink for Sample_CACTTGA-CTCCTTAC_4R009_L1_P049_R2.fq.gz
P021	A5	ED	3
P034	A6	ED	1
P050	A7	ED	2
Creating symlink for Sample_GTATCTC-CTCCTTAC_4R009_L1_P034_R1.fq.gz
Creating symlink for Sample_CACGTTC-CTCCTTAC_4R009_L1_P035_R1.fq.gz
Creating symlink for Sample_CCTAGAT-CTCCTTAC_4R009_L1_P036_R1.fq.gz
Creating symlink for Sample_TTCGACG-CTCCTTAC_4R009_L1_P021_R1.fq.gz
Creating symlink for Sample_GTATCTC-CTCCTTAC_4R009_L1_P034_R1.fq.gz
Creating symlink for Sample_ACCAGCA-CTCCTTAC_4R009_L1_P050_R1.fq.gz
Creating symlink for Sample_CACGTTC-CTCCTTAC_4R009_L1_P035_R2.fq.gz
Creating symlink for Sample_GTATCTC-CTCCTTAC_4R009_L1_P034_R2.fq.gz
Creating symlink for Sample_CCTAGAT-CTCCTTAC_4R009_L1_P036_R2.fq.gz
Creating symlink for Sample_TTCGACG-CTCCTTAC_4R009_L1_P021_R2.fq.gz
P036	A6	ED	3
Creating symlink for Sample_ACCAGCA-CTCCTTAC_4R009_L1_P050_R2.fq.gz
P035	A6	ED	2
Creating symlink for Sample_GTATCTC-CTCCTTAC_4R009_L1_P034_R2.fq.gz
P049	A7	ED	1
P034	A6	ED	1
P051	A7	ED	3
P035	A6	ED	2
Creating symlink for Sample_CCTAGAT-CTCCTTAC_4R009_L1_P036_R1.fq.gz
Creating symlink for Sample_GGAATGT-CTCCTTAC_4R009_L1_P051_R1.fq.gz
Creating symlink for Sample_CACTTGA-CTCCTTAC_4R009_L1_P049_R1.fq.gz
Creating symlink for Sample_CACGTTC-CTCCTTAC_4R009_L1_P035_R1.fq.gz
Creating symlink for Sample_GGAATGT-CTCCTTAC_4R009_L1_P051_R2.fq.gz
Creating symlink for Sample_GTATCTC-CTCCTTAC_4R009_L1_P034_R1.fq.gz
Creating symlink for Sample_CCTAGAT-CTCCTTAC_4R009_L1_P036_R2.fq.gz
Creating symlink for Sample_CACTTGA-CTCCTTAC_4R009_L1_P049_R2.fq.gz
Creating symlink for Sample_CACGTTC-CTCCTTAC_4R009_L1_P035_R2.fq.gz
Creating symlink for Sample_CACGTTC-CTCCTTAC_4R009_L1_P035_R1.fq.gz

Creating symlink for Sample_GTATCTC-CTCCTTAC_4R009_L1_P034_R2.fq.gz
P049	A7	ED	1
P050	A7	ED	2
P036	A6	ED	3
Creating symlink for Sample_CACGTTC-CTCCTTAC_4R009_L1_P035_R2.fq.gz
P035	A6	ED	2
P036	A6	ED	3
Creating symlink for Sample_CACTTGA-CTCCTTAC_4R009_L1_P049_R1.fq.gz
Creating symlink for Sample_ACCAGCA-CTCCTTAC_4R009_L1_P050_R1.fq.gz
Creating symlink for Sample_CCTAGAT-CTCCTTAC_4R009_L1_P036_R1.fq.gz
Creating symlink for Sample_CACGTTC-CTCCTTAC_4R009_L1_P035_R1.fq.gz
Creating symlink for Sample_CCTAGAT-CTCCTTAC_4R009_L1_P036_R2.fq.gz
Creating symlink for Sample_CACTTGA-CTCCTTAC_4R009_L1_P049_R2.fq.gz
Creating symlink for Sample_ACCAGCA-CTCCTTAC_4R009_L1_P050_R2.fq.gz
Creating symlink for Sample_CCTAGAT-CTCCTTAC_4R009_L1_P036_R1.fq.gz
Creating symlink for Sample_CACGTTC-CTCCTTAC_4R009_L1_P035_R2.fq.gz
P050	A7	ED	2
P049	A7	ED	1
P051	A7	ED	3
P036	A6	ED	3
Creating symlink for Sample_CCTAGAT-CTCCTTAC_4R009_L1_P036_R2.fq.gz
P049	A7	ED	1
Creating symlink for Sample_CACTTGA-CTCCTTAC_4R009_L1_P049_R1.fq.gz
Creating symlink for Sample_ACCAGCA-CTCCTTAC_4R009_L1_P050_R1.fq.gz
Creating symlink for Sample_GGAATGT-CTCCTTAC_4R009_L1_P051_R1.fq.gz
Creating symlink for Sample_ACCAGCA-CTCCTTAC_4R009_L1_P050_R2.fq.gz
Creating symlink for Sample_CACTTGA-CTCCTTAC_4R009_L1_P049_R2.fq.gz
Creating symlink for Sample_CCTAGAT-CTCCTTAC_4R009_L1_P036_R1.fq.gz
Creating symlink for Sample_GGAATGT-CTCCTTAC_4R009_L1_P051_R2.fq.gz
P051	A7	ED	3
P050	A7	ED	2
Creating symlink for Sample_CACTTGA-CTCCTTAC_4R009_L1_P049_R1.fq.gz

Creating symlink for Sample_CCTAGAT-CTCCTTAC_4R009_L1_P036_R2.fq.gz
Creating symlink for Sample_CACTTGA-CTCCTTAC_4R009_L1_P049_R2.fq.gz
P049	A7	ED	1
Creating symlink for Sample_GGAATGT-CTCCTTAC_4R009_L1_P051_R1.fq.gz
Creating symlink for Sample_ACCAGCA-CTCCTTAC_4R009_L1_P050_R1.fq.gz
P050	A7	ED	2
Creating symlink for Sample_GGAATGT-CTCCTTAC_4R009_L1_P051_R2.fq.gz
Creating symlink for Sample_ACCAGCA-CTCCTTAC_4R009_L1_P050_R2.fq.gz
Creating symlink for Sample_CACTTGA-CTCCTTAC_4R009_L1_P049_R1.fq.gz

P051	A7	ED	3
Creating symlink for Sample_ACCAGCA-CTCCTTAC_4R009_L1_P050_R1.fq.gz
Creating symlink for Sample_CACTTGA-CTCCTTAC_4R009_L1_P049_R2.fq.gz
Creating symlink for Sample_ACCAGCA-CTCCTTAC_4R009_L1_P050_R2.fq.gz
P050	A7	ED	2
P051	A7	ED	3
Creating symlink for Sample_GGAATGT-CTCCTTAC_4R009_L1_P051_R1.fq.gz
Creating symlink for Sample_GGAATGT-CTCCTTAC_4R009_L1_P051_R2.fq.gz
Creating symlink for Sample_ACCAGCA-CTCCTTAC_4R009_L1_P050_R1.fq.gz
Creating symlink for Sample_GGAATGT-CTCCTTAC_4R009_L1_P051_R1.fq.gz
Creating symlink for Sample_ACCAGCA-CTCCTTAC_4R009_L1_P050_R2.fq.gz

Creating symlink for Sample_GGAATGT-CTCCTTAC_4R009_L1_P051_R2.fq.gz
P051	A7	ED	3

Creating symlink for Sample_GGAATGT-CTCCTTAC_4R009_L1_P051_R1.fq.gz
Creating symlink for Sample_GGAATGT-CTCCTTAC_4R009_L1_P051_R2.fq.gz

